error: Error on mongo. Invalid scheme, expected connection string to start with "mongodb://" or "mongodb+srv://"
error: Error on mongo. Invalid scheme, expected connection string to start with "mongodb://" or "mongodb+srv://"
error: Error on mongo. Invalid scheme, expected connection string to start with "mongodb://" or "mongodb+srv://"
error: Error on mongo. Invalid scheme, expected connection string to start with "mongodb://" or "mongodb+srv://"
error: Error on mongo. Invalid scheme, expected connection string to start with "mongodb://" or "mongodb+srv://"
error: Error on mongo. Invalid scheme, expected connection string to start with "mongodb://" or "mongodb+srv://"
error: Error on mongo. URI cannot contain options with no value
error: There is no token!
error: There is no token!
error: There is no token!
error: There is no token!
error: There is no token!
error: There is no token!
error: No existe el user.
error: There is no token!
error: No existe el user.
error: There is no token!
error: There is no token!
error: There is no token!
error: There is no token!
error: There is no token!
error: There is no token!
error: There is no token!
error: There is no token!
error: There is no token!
error: There is no token!
error: There is no token!
error: There is no token!
error: There is no token!
error: There is no token!
error: There is no token!
error: There is no token!
error: There is no token!
error: There is no token!
error: There is no token!
error: There is no token!
error: There is no token!
error: There is no token!
error: There is no token!
error: There is no token!
error: There is no token!
error: There is no token!
error: There is no token!
error: There is no token!
error: There is no token!
error: There is no token!
error: There is no token!
error: There is no token!
error: There is no token!
error: There is no token!
error: Contraseña incorrecta!
error: Error on mongo. homeRouter is not defined
error: Error on mongo. Invalid scheme, expected connection string to start with "mongodb://" or "mongodb+srv://"
error: Error on mongo. Invalid scheme, expected connection string to start with "mongodb://" or "mongodb+srv://"
error: There's no authorization token.
error: There's no authorization token.
error: There's no authorization token.
error: There's no authorization token.
error: There's no authorization token.
error: There's no authorization token.
error: There's no authorization token.
error: There's no authorization token.
error: There's no authorization token.
error: There's no authorization token.
error: There's no authorization token.
error: There's no authorization token.
error: There's no authorization token.
error: There's no authorization token.
error: There's no authorization token.
error: There's no authorization token.
error: There's no authorization token.
error: There's no authorization token.
error: There's no authorization token.
error: There's no authorization token.
error: There's no authorization token.
error: There's no authorization token.
error: There's no authorization token.
error: There's no authorization token.
error: There's no authorization token.
error: There's no authorization token.
error: There's no authorization token.
error: There's no authorization token.
error: There's no authorization token.
error: There's no authorization token.
error: There's no authorization token.
error: There's no authorization token.
error: There's no authorization token.
error: The token does not match.
error: There's no authorization token.
error: The token does not match.
error: The token does not match.
error: The token does not match.
error: There's no authorization token.
error: The token does not match.
error: The token does not match.
error: There's no authorization token.
error: The token does not match.
error: The token does not match.
error: There's no authorization token.
error: The token does not match.
error: The token does not match.
error: There's no authorization token.
error: The token does not match.
error: The token does not match.
error: There's no authorization token.
error: The token does not match.
error: The token does not match.
error: There's no authorization token.
error: The token does not match.
error: The token does not match.
error: The token does not match.
error: There's no authorization token.
error: The token does not match.
error: There's no authorization token.
error: The token does not match.
error: There's no authorization token.
error: The token does not match.
error: The token does not match.
error: There's no authorization token.
error: The token does not match.
error: The token does not match.
error: There's no authorization token.
error: The token does not match.
error: The token does not match.
error: The token does not match.
error: There's no authorization token.
error: The token does not match.
error: The token does not match.
error: The token does not match.
error: There's no authorization token.
error: The token does not match.
error: The token does not match.
error: The token does not match.
error: The token does not match.
error: There's no authorization token.
error: The token does not match.
error: The token does not match.
error: The token does not match.
error: There's no authorization token.
error: The token does not match.
error: There's no authorization token.
error: The token does not match.
error: The token does not match.
error: The token does not match.
error: There's no authorization token.
error: The token does not match.
error: The token does not match.Bearer eyJhbGciOiJIUzI1NiIsInR5cCI6IkpXVCJ9.eyJpZCI6IjYyOWQ3NTUzMDc3YWU2MjI4ZTYwZDYxZiIsImVtYWlsIjoicHVwaW5hcnZhamFAZ21haWwuY29tIiwiZmlyc3RuYW1lIjoiSnVhbiIsImxhc3RuYW1lIjoiTmFydmFqYSIsImlhdCI6MTY1NjE3ODUwMSwiZXhwIjoxNjU2MTgwMzAxfQ.-Aywn-4wFWo8mkdmHOkN24rTrBSSgCkpE1kVex1QxUA
error: There's no authorization token.
error: The token does not match.Bearer eyJhbGciOiJIUzI1NiIsInR5cCI6IkpXVCJ9.eyJpZCI6IjYyOWQ3NTUzMDc3YWU2MjI4ZTYwZDYxZiIsImVtYWlsIjoicHVwaW5hcnZhamFAZ21haWwuY29tIiwiZmlyc3RuYW1lIjoiSnVhbiIsImxhc3RuYW1lIjoiTmFydmFqYSIsImlhdCI6MTY1NjE3ODU1NywiZXhwIjoxNjU2MTgwMzU3fQ.3_XRQnTYK1hoLkCeJ-00X9VHwYEr_I6S9icjNWeULhM
error: The token does not match. Bearer eyJhbGciOiJIUzI1NiIsInR5cCI6IkpXVCJ9.eyJpZCI6IjYyOWQ3NTUzMDc3YWU2MjI4ZTYwZDYxZiIsImVtYWlsIjoicHVwaW5hcnZhamFAZ21haWwuY29tIiwiZmlyc3RuYW1lIjoiSnVhbiIsImxhc3RuYW1lIjoiTmFydmFqYSIsImlhdCI6MTY1NjE3ODU1NywiZXhwIjoxNjU2MTgwMzU3fQ.3_XRQnTYK1hoLkCeJ-00X9VHwYEr_I6S9icjNWeULhM
error: There's no authorization token.
error: The token does not match. Bearer eyJhbGciOiJIUzI1NiIsInR5cCI6IkpXVCJ9.eyJpZCI6IjYyOWQ3NTUzMDc3YWU2MjI4ZTYwZDYxZiIsImVtYWlsIjoicHVwaW5hcnZhamFAZ21haWwuY29tIiwiZmlyc3RuYW1lIjoiSnVhbiIsImxhc3RuYW1lIjoiTmFydmFqYSIsImlhdCI6MTY1NjE4MDg5OSwiZXhwIjoxNjU2MTgyNjk5fQ.jMIEvpkxcl5rK0NG7kLtOJts3m6ioTMNACfhg8gpNe8
error: The token does not match. Bearer eyJhbGciOiJIUzI1NiIsInR5cCI6IkpXVCJ9.eyJpZCI6IjYyOWQ3NTUzMDc3YWU2MjI4ZTYwZDYxZiIsImVtYWlsIjoicHVwaW5hcnZhamFAZ21haWwuY29tIiwiZmlyc3RuYW1lIjoiSnVhbiIsImxhc3RuYW1lIjoiTmFydmFqYSIsImlhdCI6MTY1NjE4MDg5OSwiZXhwIjoxNjU2MTgyNjk5fQ.jMIEvpkxcl5rK0NG7kLtOJts3m6ioTMNACfhg8gpNe8
error: The token does not match. Bearer eyJhbGciOiJIUzI1NiIsInR5cCI6IkpXVCJ9.eyJpZCI6IjYyOWQ3NTUzMDc3YWU2MjI4ZTYwZDYxZiIsImVtYWlsIjoicHVwaW5hcnZhamFAZ21haWwuY29tIiwiZmlyc3RuYW1lIjoiSnVhbiIsImxhc3RuYW1lIjoiTmFydmFqYSIsImlhdCI6MTY1NjE4MDg5OSwiZXhwIjoxNjU2MTgyNjk5fQ.jMIEvpkxcl5rK0NG7kLtOJts3m6ioTMNACfhg8gpNe8
error: There's no authorization token.
error: The token does not match. Bearer eyJhbGciOiJIUzI1NiIsInR5cCI6IkpXVCJ9.eyJpZCI6IjYyOWQ3NTUzMDc3YWU2MjI4ZTYwZDYxZiIsImVtYWlsIjoicHVwaW5hcnZhamFAZ21haWwuY29tIiwiZmlyc3RuYW1lIjoiSnVhbiIsImxhc3RuYW1lIjoiTmFydmFqYSIsImlhdCI6MTY1NjE4MDk2MiwiZXhwIjoxNjU2MTgyNzYyfQ.r_sNVxKMFQ79NtC7B7ZqL07YVUnVrXJ85QYtQuEs5xU
error: The token does not match. Bearer eyJhbGciOiJIUzI1NiIsInR5cCI6IkpXVCJ9.eyJpZCI6IjYyOWQ3NTUzMDc3YWU2MjI4ZTYwZDYxZiIsImVtYWlsIjoicHVwaW5hcnZhamFAZ21haWwuY29tIiwiZmlyc3RuYW1lIjoiSnVhbiIsImxhc3RuYW1lIjoiTmFydmFqYSIsImlhdCI6MTY1NjE4MDk2MiwiZXhwIjoxNjU2MTgyNzYyfQ.r_sNVxKMFQ79NtC7B7ZqL07YVUnVrXJ85QYtQuEs5xU
error: There's no authorization token.
error: The token does not match. Bearer eyJhbGciOiJIUzI1NiIsInR5cCI6IkpXVCJ9.eyJpZCI6IjYyOWQ3NTUzMDc3YWU2MjI4ZTYwZDYxZiIsImVtYWlsIjoicHVwaW5hcnZhamFAZ21haWwuY29tIiwiZmlyc3RuYW1lIjoiSnVhbiIsImxhc3RuYW1lIjoiTmFydmFqYSIsImlhdCI6MTY1NjE4MTA2NywiZXhwIjoxNjU2MTgyODY3fQ.2qYz-HKj35KMq9FUr68kN3847mlWk4OSCB7zs0E5TJ0
error: The token does not match. Bearer eyJhbGciOiJIUzI1NiIsInR5cCI6IkpXVCJ9.eyJpZCI6IjYyOWQ3NTUzMDc3YWU2MjI4ZTYwZDYxZiIsImVtYWlsIjoicHVwaW5hcnZhamFAZ21haWwuY29tIiwiZmlyc3RuYW1lIjoiSnVhbiIsImxhc3RuYW1lIjoiTmFydmFqYSIsImlhdCI6MTY1NjE4MTA2NywiZXhwIjoxNjU2MTgyODY3fQ.2qYz-HKj35KMq9FUr68kN3847mlWk4OSCB7zs0E5TJ0
error: There's no authorization token.
error: The token does not match. Bearer eyJhbGciOiJIUzI1NiIsInR5cCI6IkpXVCJ9.eyJpZCI6IjYyOWQ3NTUzMDc3YWU2MjI4ZTYwZDYxZiIsImVtYWlsIjoicHVwaW5hcnZhamFAZ21haWwuY29tIiwiZmlyc3RuYW1lIjoiSnVhbiIsImxhc3RuYW1lIjoiTmFydmFqYSIsImlhdCI6MTY1NjE4MTI0OCwiZXhwIjoxNjU2MTgzMDQ4fQ.l0pgSX1mrMay-iD1fkHYEFBOGv9dX9YVu3I-BCSwLvo
error: The token does not match. Bearer eyJhbGciOiJIUzI1NiIsInR5cCI6IkpXVCJ9.eyJpZCI6IjYyOWQ3NTUzMDc3YWU2MjI4ZTYwZDYxZiIsImVtYWlsIjoicHVwaW5hcnZhamFAZ21haWwuY29tIiwiZmlyc3RuYW1lIjoiSnVhbiIsImxhc3RuYW1lIjoiTmFydmFqYSIsImlhdCI6MTY1NjE4MTI0OCwiZXhwIjoxNjU2MTgzMDQ4fQ.l0pgSX1mrMay-iD1fkHYEFBOGv9dX9YVu3I-BCSwLvo
error: There's no authorization token.
error: There's no authorization token.
error: There's no authorization token.
error: The token does not match. undefined
error: There's no authorization token.
error: There's no authorization token.
error: There's no authorization token.
error: There's no authorization token.
error: The token does not match. eyJhbGciOiJIUzI1NiIsInR5cCI6IkpXVCJ9.eyJpZCI6IjYyOWQ3NTUzMDc3YWU2MjI4ZTYwZDYxZiIsImVtYWlsIjoicHVwaW5hcnZhamFAZ21haWwuY29tIiwiZmlyc3RuYW1lIjoiSnVhbiIsImxhc3RuYW1lIjoiTmFydmFqYSIsImlhdCI6MTY1NjE4MTUxOSwiZXhwIjoxNjU2MTgzMzE5fQ.fWvhL7YLboA06dV9W19utV_9i3oEpBFeWiJhzFKcZQg
error: There's no authorization token.
error: The token does not match. eyJhbGciOiJIUzI1NiIsInR5cCI6IkpXVCJ9.eyJpZCI6IjYyOWQ3NTUzMDc3YWU2MjI4ZTYwZDYxZiIsImVtYWlsIjoicHVwaW5hcnZhamFAZ21haWwuY29tIiwiZmlyc3RuYW1lIjoiSnVhbiIsImxhc3RuYW1lIjoiTmFydmFqYSIsImlhdCI6MTY1NjE4MTUxOSwiZXhwIjoxNjU2MTgzMzE5fQ.fWvhL7YLboA06dV9W19utV_9i3oEpBFeWiJhzFKcZQg
error: The token does not match. eyJhbGciOiJIUzI1NiIsInR5cCI6IkpXVCJ9.eyJpZCI6IjYyOWQ3NTUzMDc3YWU2MjI4ZTYwZDYxZiIsImVtYWlsIjoicHVwaW5hcnZhamFAZ21haWwuY29tIiwiZmlyc3RuYW1lIjoiSnVhbiIsImxhc3RuYW1lIjoiTmFydmFqYSIsImlhdCI6MTY1NjE4MTUxOSwiZXhwIjoxNjU2MTgzMzE5fQ.fWvhL7YLboA06dV9W19utV_9i3oEpBFeWiJhzFKcZQg
error: There's no authorization token.
error: There's no authorization token.
error: There's no authorization token.
error: The token does not match. Bearer eyJhbGciOiJIUzI1NiIsInR5cCI6IkpXVCJ9.eyJpZCI6IjYyOWQ3NTUzMDc3YWU2MjI4ZTYwZDYxZiIsImVtYWlsIjoicHVwaW5hcnZhamFAZ21haWwuY29tIiwiZmlyc3RuYW1lIjoiSnVhbiIsImxhc3RuYW1lIjoiTmFydmFqYSIsImlhdCI6MTY1NjE4NjgwOSwiZXhwIjoxNjU2MTg4NjA5fQ.8hPUvn6mtij6Ttcrg8weUif1YJMi8gVvRt9z9oMD298
error: There's no authorization token.
error: The token does not match. Bearer eyJhbGciOiJIUzI1NiIsInR5cCI6IkpXVCJ9.eyJpZCI6IjYyOWQ3NTUzMDc3YWU2MjI4ZTYwZDYxZiIsImVtYWlsIjoicHVwaW5hcnZhamFAZ21haWwuY29tIiwiZmlyc3RuYW1lIjoiSnVhbiIsImxhc3RuYW1lIjoiTmFydmFqYSIsImlhdCI6MTY1NjE4NzIzMCwiZXhwIjoxNjU2MTg5MDMwfQ.iRMdsDjrneC6qTocBfOK5RuosFkLFEcVayMoU2jz2zg
error: There's no authorization token.
error: There's no authorization token.
error: The token does not match. eyJhbGciOiJIUzI1NiIsInR5cCI6IkpXVCJ9.eyJpZCI6IjYyOWQ3NTUzMDc3YWU2MjI4ZTYwZDYxZiIsImVtYWlsIjoicHVwaW5hcnZhamFAZ21haWwuY29tIiwiZmlyc3RuYW1lIjoiSnVhbiIsImxhc3RuYW1lIjoiTmFydmFqYSIsImlhdCI6MTY1NjE4MTQwMywiZXhwIjoxNjU2MTgzMjAzfQ.Q9yBqzWNBiW2lwLUpkD_NWgZi6S-SMyCEjyqULIGs_c
error: There's no authorization token.
error: There's no authorization token.
error: There's no authorization token.
error: There's no authorization token.
error: There's no authorization token.
error: There's no authorization token.
error: There's no authorization token.
error: There's no authorization token.
error: There's no authorization token.
error: There's no authorization token.
error: There's no authorization token.
error: There's no authorization token.
error: The token does not match. undefined
error: There's no authorization token.
error: The token does not match. undefined
error: Contraseña incorrecta!
error: There's no authorization token.
error: There's no authorization token.
error: There's no authorization token.
error: Contraseña incorrecta!
error: There's no authorization token.
error: There's no authorization token.
error: There's no authorization token.
error: There's no authorization token.
error: There's no authorization token.
error: There's no authorization token.
error: The token does not match. undefined
error: The token does not match. undefined
error: There's no authorization token.
error: The token does not match. undefined
error: There's no authorization token.
error: There's no authorization token.
error: There's no authorization token.
error: Contraseña incorrecta!
error: There's no authorization token.
error: There's no authorization token.
error: There's no authorization token.
error: The token does not match. undefined
error: There's no authorization token.
error: There's no authorization token.
error: There's no authorization token.
error: There's no authorization token.
error: There's no authorization token.
error: There's no authorization token.
error: There's no authorization token.
error: There's no authorization token.
error: There's no authorization token.
error: There's no authorization token.
error: The token does not match. undefined
error: There's no authorization token.
error: The token does not match. undefined
error: There's no authorization token.
error: The token does not match. undefined
error: The token does not match. undefined
error: The token does not match. undefined
error: The token does not match. undefined
error: There's no authorization token.
error: The token does not match. undefined
error: There's no authorization token.
error: The token does not match. undefined
error: There's no authorization token.
error: The token does not match. undefined
error: The token does not match. undefined
error: The token does not match. undefined
error: There's no authorization token.
error: The token does not match. undefined
error: The token does not match. undefined
error: There's no authorization token.
error: The token does not match. undefined
error: The token does not match. undefined
error: There's no authorization token.
error: The token does not match. undefined
error: The token does not match. undefined
error: There's no authorization token.
error: The token does not match. undefined
error: The token does not match. undefined
error: There's no authorization token.
error: The token does not match. undefined
error: The token does not match. undefined
error: There's no authorization token.
error: The token does not match. undefined
error: The token does not match. undefined
error: There's no authorization token.
error: The token does not match. undefined
error: The token does not match. undefined
error: There's no authorization token.
error: The token does not match. undefined
error: There's no authorization token.
error: There's no authorization token.
error: There's no authorization token.
error: The token does not match. eyJhbGciOiJIUzI1NiIsInR5cCI6IkpXVCJ9.eyJpZCI6IjYyOWQ3NTUzMDc3YWU2MjI4ZTYwZDYxZiIsImVtYWlsIjoicHVwaW5hcnZhamFAZ21haWwuY29tIiwiZmlyc3RuYW1lIjoiSnVhbiIsImxhc3RuYW1lIjoiTmFydmFqYSIsImlhdCI6MTY1NjE5MzI3OCwiZXhwIjoxNjU2MTk1MDc4fQ.m8lcPXUEsHf1S5aDpZ7W7QL-Y3T0fk9zP9rluPA9vyQ
error: There's no authorization token.
error: There's no authorization token.
error: There's no authorization token.
error: There's no authorization token.
error: There's no authorization token.
error: There's no authorization token.
error: There's no authorization token.
error: There's no authorization token.
error: There's no authorization token.
error: There's no authorization token.
error: There's no authorization token.
error: There's no authorization token.
error: There's no authorization token.
error: There's no authorization token.
error: There's no authorization token.
error: There's no authorization token.
error: The token does not match. undefined
error: The token does not match. undefined
error: There's no authorization token.
error: There's no authorization token.
error: There's no authorization token.
error: There's no authorization token.
error: There's no authorization token.
error: There's no authorization token.
error: There's no authorization token.
error: The token does not match. undefined
error: The token does not match. undefined
error: There's no authorization token.
error: The token does not match. undefined
error: The token does not match. undefined
error: There's no authorization token.
error: The token does not match. undefined
error: The token does not match. undefined
error: There's no authorization token.
error: The token does not match. undefined
error: The token does not match. undefined
error: The token does not match. undefined
error: There's no authorization token.
error: There's no authorization token.
error: There's no authorization token.
error: There's no authorization token.
error: There's no authorization token.
error: There's no authorization token.
error: There's no authorization token.
error: There's no authorization token.
error: The token does not match. eyJhbGciOiJIUzI1NiIsInR5cCI6IkpXVCJ9.eyJpZCI6IjYyOWQ3NTUzMDc3YWU2MjI4ZTYwZDYxZiIsImVtYWlsIjoicHVwaW5hcnZhamFAZ21haWwuY29tIiwiZmlyc3RuYW1lIjoiSnVhbiIsImxhc3RuYW1lIjoiTmFydmFqYSIsImlhdCI6MTY1NjIwMzM5NywiZXhwIjoxNjU2MjA1MTk3fQ.YKe7zM65EBzIMjeujrODhqVXHa-6dzDLXnWAuLrZ5vo
error: There's no authorization token.
error: There's no authorization token.
error: There's no authorization token.
error: There's no authorization token.
error: There's no authorization token.
error: There's no authorization token.
error: There's no authorization token.
error: There's no authorization token.
error: There's no authorization token.
error: There's no authorization token.
error: There's no authorization token.
error: There's no authorization token.
error: There's no authorization token.
error: The token does not match. undefined
error: The token does not match. undefined
error: There's no authorization token.
error: There's no authorization token.
error: There's no authorization token.
error: There's no authorization token.
error: There's no authorization token.
error: There's no authorization token.
error: There's no authorization token.
error: The token does not match. undefined
error: There's no authorization token.
error: There's no authorization token.
error: There's no authorization token.
error: There's no authorization token.
error: There's no authorization token.
error: There's no authorization token.
error: There's no authorization token.
error: There's no authorization token.
error: There's no authorization token.
error: The token does not match. eyJhbGciOiJIUzI1NiIsInR5cCI6IkpXVCJ9.eyJpZCI6IjYyOWQ3NTUzMDc3YWU2MjI4ZTYwZDYxZiIsImVtYWlsIjoicHVwaW5hcnZhamFAZ21haWwuY29tIiwiZmlyc3RuYW1lIjoiSnVhbiIsImxhc3RuYW1lIjoiTmFydmFqYSIsImlhdCI6MTY1NjIyMzYzMiwiZXhwIjoxNjU2MjI1NDMyfQ.0MIjieZLNoQ1yOVpp3HMXzFBLs83NkHiQj5aV1SutRk
error: The token does not match. eyJhbGciOiJIUzI1NiIsInR5cCI6IkpXVCJ9.eyJpZCI6IjYyOWQ3NTUzMDc3YWU2MjI4ZTYwZDYxZiIsImVtYWlsIjoicHVwaW5hcnZhamFAZ21haWwuY29tIiwiZmlyc3RuYW1lIjoiSnVhbiIsImxhc3RuYW1lIjoiTmFydmFqYSIsImlhdCI6MTY1NjIyMzYzMiwiZXhwIjoxNjU2MjI1NDMyfQ.0MIjieZLNoQ1yOVpp3HMXzFBLs83NkHiQj5aV1SutRk
error: The token does not match. eyJhbGciOiJIUzI1NiIsInR5cCI6IkpXVCJ9.eyJpZCI6IjYyOWQ3NTUzMDc3YWU2MjI4ZTYwZDYxZiIsImVtYWlsIjoicHVwaW5hcnZhamFAZ21haWwuY29tIiwiZmlyc3RuYW1lIjoiSnVhbiIsImxhc3RuYW1lIjoiTmFydmFqYSIsImlhdCI6MTY1NjIyMzYzMiwiZXhwIjoxNjU2MjI1NDMyfQ.0MIjieZLNoQ1yOVpp3HMXzFBLs83NkHiQj5aV1SutRk
error: No user from /auth/jwt
error: The token does not match. eyJhbGciOiJIUzI1NiIsInR5cCI6IkpXVCJ9.eyJpZCI6IjYyOWQ3NTUzMDc3YWU2MjI4ZTYwZDYxZiIsImVtYWlsIjoicHVwaW5hcnZhamFAZ21haWwuY29tIiwiZmlyc3RuYW1lIjoiSnVhbiIsImxhc3RuYW1lIjoiTmFydmFqYSIsImlhdCI6MTY1NjIyMzYzMiwiZXhwIjoxNjU2MjI1NDMyfQ.0MIjieZLNoQ1yOVpp3HMXzFBLs83NkHiQj5aV1SutRk
error: The token does not match. eyJhbGciOiJIUzI1NiIsInR5cCI6IkpXVCJ9.eyJpZCI6IjYyOWQ3NTUzMDc3YWU2MjI4ZTYwZDYxZiIsImVtYWlsIjoicHVwaW5hcnZhamFAZ21haWwuY29tIiwiZmlyc3RuYW1lIjoiSnVhbiIsImxhc3RuYW1lIjoiTmFydmFqYSIsImlhdCI6MTY1NjIyMzYzMiwiZXhwIjoxNjU2MjI1NDMyfQ.0MIjieZLNoQ1yOVpp3HMXzFBLs83NkHiQj5aV1SutRk
error: The token does not match. eyJhbGciOiJIUzI1NiIsInR5cCI6IkpXVCJ9.eyJpZCI6IjYyOWQ3NTUzMDc3YWU2MjI4ZTYwZDYxZiIsImVtYWlsIjoicHVwaW5hcnZhamFAZ21haWwuY29tIiwiZmlyc3RuYW1lIjoiSnVhbiIsImxhc3RuYW1lIjoiTmFydmFqYSIsImlhdCI6MTY1NjIyMzYzMiwiZXhwIjoxNjU2MjI1NDMyfQ.0MIjieZLNoQ1yOVpp3HMXzFBLs83NkHiQj5aV1SutRk
error: There's no authorization token.
error: There's no authorization token.
error: There's no authorization token.
error: The token does not match. undefined
error: The token does not match. undefined
error: The token does not match. undefined
error: There's no authorization token.
error: There's no authorization token.
error: There's no authorization token.
error: There's no authorization token.
error: There's no authorization token.
error: There's no authorization token.
error: There's no authorization token.
error: There's no authorization token.
error: There's no authorization token.
error: There's no authorization token.
error: There's no authorization token.
error: There's no authorization token.
error: There's no authorization token.
error: The token does not match. undefined
error: There's no authorization token.
error: The token does not match. undefined
error: The token does not match. undefined
error: There's no authorization token.
error: The token does not match. undefined
error: The token does not match. undefined
error: The token does not match. undefined
error: There's no authorization token.
error: The token does not match. eyJhbGciOiJIUzI1NiIsInR5cCI6IkpXVCJ9.eyJpZCI6IjYyOWQ3NTUzMDc3YWU2MjI4ZTYwZDYxZiIsImVtYWlsIjoicHVwaW5hcnZhamFAZ21haWwuY29tIiwiZmlyc3RuYW1lIjoiSnVhbiIsImxhc3RuYW1lIjoiTmFydmFqYSIsImlhdCI6MTY1NjI2MDA3MywiZXhwIjoxNjU2MjYwMjUzfQ.1VhovbYoWeap55-Lu6sTIGqXc0Gca8FCVBS1rQxxXQg
error: The token does not match. eyJhbGciOiJIUzI1NiIsInR5cCI6IkpXVCJ9.eyJpZCI6IjYyOWQ3NTUzMDc3YWU2MjI4ZTYwZDYxZiIsImVtYWlsIjoicHVwaW5hcnZhamFAZ21haWwuY29tIiwiZmlyc3RuYW1lIjoiSnVhbiIsImxhc3RuYW1lIjoiTmFydmFqYSIsImlhdCI6MTY1NjI2MDA3MywiZXhwIjoxNjU2MjYwMjUzfQ.1VhovbYoWeap55-Lu6sTIGqXc0Gca8FCVBS1rQxxXQg
error: There's no authorization token.
error: There's no authorization token.
error: There's no authorization token.
error: The token does not match. undefined
error: There's no authorization token.
error: There's no authorization token.
error: There's no authorization token.
error: There's no authorization token.
error: There's no authorization token.
error: There's no authorization token.
error: The token does not match. undefined
error: There's no authorization token.
error: The token does not match. eyJhbGciOiJIUzI1NiIsInR5cCI6IkpXVCJ9.eyJpZCI6IjYyOWQ3NTUzMDc3YWU2MjI4ZTYwZDYxZiIsImVtYWlsIjoicHVwaW5hcnZhamFAZ21haWwuY29tIiwiZmlyc3RuYW1lIjoiSnVhbiIsImxhc3RuYW1lIjoiTmFydmFqYSIsImlhdCI6MTY1NjI2MTQ0NywiZXhwIjoxNjU2MjYzMjQ3fQ.gWiJqaHXEGpuWx4WoUTYAlhja4QEumtTQYe3jE2YHs
error: There's no authorization token.
error: The token does not match. undefined
error: There's no authorization token.
error: There's no authorization token.
error: There's no authorization token.
error: The token does not match. eyJhbGciOiJIUzI1NiIsInR5cCI6IkpXVCJ9.eyJpZCI6IjYyOWQ3NTUzMDc3YWU2MjI4ZTYwZDYxZiIsImVtYWlsIjoicHVwaW5hcnZhamFAZ21haWwuY29tIiwiZmlyc3RuYW1lIjoiSnVhbiIsImxhc3RuYW1lIjoiTmFydmFqYSIsImlhdCI6MTY1NjI2MjI2NiwiZXhwIjoxNjU2MjY0MDY2fQ.Hq_c8J8XIsslYT0uB33LII5X9jXYvaV5w0KLs4XihnU
error: There's no authorization token.
error: There's no authorization token.
error: The token does not match. undefined
error: There's no authorization token.
error: The token does not match. undefined
error: The token does not match. undefined
error: The token does not match. undefined
error: There's no authorization token.
error: The token does not match. undefined
error: There's no authorization token.
error: There's no authorization token.
error: The token does not match. undefined
error: There's no authorization token.
error: The token does not match. undefined
error: There's no authorization token.
error: The token does not match. undefined
error: There's no authorization token.
error: The token does not match. undefined
error: There's no authorization token.
error: The token does not match. undefined
error: The token does not match. undefined
error: There's no authorization token.
error: The token does not match. undefined
error: There's no authorization token.
error: There's no authorization token.
error: The token does not match. undefined
error: There's no authorization token.
error: There's no authorization token.
error: There's no authorization token.
error: There's no authorization token.
error: There's no authorization token.
error: The token does not match. undefined
error: There's no authorization token.
error: There's no authorization token.
error: There's no authorization token.
error: There's no authorization token.
error: There's no authorization token.
error: There's no authorization token.
error: There's no authorization token.
error: The token does not match. 
error: There's no authorization token.
error: There's no authorization token.
error: There's no authorization token.
error: The token does not match. 
error: The token does not match. 
error: The token does not match. 
error: The token does not match. 
error: The token does not match. 
error: There's no authorization token.
error: There's no authorization token.
error: There's no authorization token.
error: There's no authorization token.
error: There's no authorization token.
error: There's no authorization token.
error: There's no authorization token.
error: There's no authorization token.
error: There's no authorization token.
error: There's no authorization token.
error: There's no authorization token.
error: There's no authorization token.
error: There's no authorization token.
error: There's no authorization token.
error: There's no authorization token.
error: There's no authorization token.
error: There's no authorization token.
error: There's no authorization token.
error: There's no authorization token.
error: There's no authorization token.
error: There's no authorization token.
error: There's no authorization token.
error: There's no authorization token.
error: Contraseña incorrecta!
error: There's no authorization token.
error: There's no authorization token.
error: There's no authorization token.
error: There's no authorization token.
error: The token does not match. 
error: There's no authorization token.
error: The token does not match. 
error: There's no authorization token.
error: There's no authorization token.
error: There's no authorization token.
error: There's no authorization token.
error: There's no authorization token.
error: There is no token!
error: There is no token!
error: There is no token!
error: There is no token!
error: There is no token!
error: There is no token!
error: There is no token!
error: There is no token!
error: There is no token!
error: There is no token!
error: There is no token!
error: There is no token!
error: There is no token!
error: There is no token!
error: There is no token!
error: There is no token!
error: There is no token!
error: There is no token!
error: There is no token!
error: There is no token!
error: There is no token!
error: There is no token!
error: There is no token!
error: There is no token!
error: There is no token!
error: There is no token!
error: There is no token!
error: There is no token!
error: There is no token!
error: There is no token!
error: There is no token!
error: There is no token!
error: There is no token!
error: There is no token!
error: There is no token!
error: There is no token!
error: There is no token!
error: There is no token!
error: There is no token!
error: There is no token!
error: There is no token!
error: Error on mongo. isAuthenticated is not defined
error: There is no token!
error: There is no token!
error: Error on mongo. routerProducts is not defined
error: Error on mongo. app.use() requires a middleware function
[2022-06-27T13:59:49.640Z] - error: There is no token!
[2022-06-27T13:59:54.603Z] - error: There is no token!
[2022-06-27T14:02:34.928Z] - error: There is no token!
[2022-06-27T14:03:16.566Z] - error: There is no token!
[2022-06-27T14:03:17.842Z] - error: There is no token!
[2022-06-27T14:06:53.103Z] - error: There is no token!
[2022-06-27T14:06:54.331Z] - error: There is no token!
[2022-06-27T14:06:54.803Z] - error: There is no token!
[2022-06-27T14:30:13.386Z] - error: There is no token!
[2022-06-27T14:30:17.229Z] - error: There is no token!
[2022-06-27T14:30:21.699Z] - error: There is no token!
[2022-06-27T14:30:22.080Z] - error: There is no token!
[2022-06-27T14:30:37.355Z] - error: There is no token!
[2022-06-27T14:30:42.422Z] - error: There is no token!
[2022-06-27T14:30:42.784Z] - error: There is no token!
[2022-06-27T14:30:50.068Z] - error: There is no token!
[2022-06-27T14:30:53.415Z] - error: There is no token!
[2022-06-27T14:34:20.693Z] - error: There is no token!
[2022-06-27T14:34:24.314Z] - error: There is no token!
[2022-06-27T16:29:06.355Z] - error: There is no token!
[2022-06-27T16:29:06.633Z] - error: There is no token!
[2022-06-27T16:34:01.326Z] - error: There is no token!
[2022-06-27T16:34:01.341Z] - error: There is no token!
[2022-06-27T16:34:22.471Z] - error: CastError: Cast to ObjectId failed for value "'6287bd0c209cec262074d436'" (type string) at path "_id" for model "products"
[2022-06-27T16:46:47.213Z] - error: There is no token!
[2022-06-27T16:46:47.659Z] - error: There is no token!
[2022-06-27T17:07:50.400Z] - error: There is no token!
[2022-06-27T17:07:50.414Z] - error: There is no token!
[2022-06-27T17:07:57.803Z] - error: There is no token!
[2022-06-27T17:07:57.808Z] - error: There is no token!
[2022-06-27T17:08:07.377Z] - error: There is no token!
[2022-06-27T17:08:07.382Z] - error: There is no token!
[2022-06-27T18:47:22.856Z] - error: There is no token!
[2022-06-27T18:47:22.865Z] - error: There is no token!
[2022-06-27T18:50:13.010Z] - error: There is no token!
[2022-06-27T18:50:13.026Z] - error: There is no token!
[2022-06-27T18:56:03.601Z] - error: There is no token!
[2022-06-27T18:56:03.612Z] - error: There is no token!
[2022-06-27T19:28:50.033Z] - error: There is no token!
[2022-06-27T19:28:50.336Z] - error: There is no token!
[2022-06-27T19:37:07.870Z] - error: There is no token!
[2022-06-27T19:37:07.882Z] - error: There is no token!
[2022-06-27T19:50:31.586Z] - error: There is no token!
[2022-06-27T19:50:33.052Z] - error: There is no token!
[2022-06-27T20:03:33.277Z] - error: There is no token!
[2022-06-27T20:03:33.606Z] - error: There is no token!
[2022-06-28T01:50:32.446Z] - error: There is no token!
[2022-06-28T01:50:33.788Z] - error: There is no token!
[2022-06-28T01:50:34.061Z] - error: There is no token!
[2022-06-28T03:13:59.107Z] - error: There is no token!
[2022-06-28T03:13:59.596Z] - error: There is no token!
[2022-06-28T03:14:02.775Z] - error: There is no token!
[2022-06-28T03:14:24.308Z] - error: There is no token!
[2022-06-28T03:14:25.060Z] - error: There is no token!
[2022-06-28T03:14:25.411Z] - error: There is no token!
[2022-06-28T14:45:25.977Z] - error: There is no token!
[2022-06-28T14:45:26.255Z] - error: There is no token!
[2022-06-28T14:45:54.243Z] - error: There is no token!
[2022-06-28T14:45:56.717Z] - error: There is no token!
[2022-06-28T14:45:56.730Z] - error: There is no token!
[2022-06-28T14:45:56.769Z] - error: There is no token!
[2022-06-28T14:45:56.777Z] - error: There is no token!
[2022-06-28T14:46:24.200Z] - error: There is no token!
[2022-06-28T14:46:24.219Z] - error: There is no token!
[2022-06-28T14:46:24.227Z] - error: There is no token!
[2022-06-28T14:46:24.275Z] - error: There is no token!
[2022-06-28T14:46:45.004Z] - error: There is no token!
[2022-06-28T14:46:45.015Z] - error: There is no token!
[2022-06-28T14:47:18.657Z] - error: There is no token!
[2022-06-28T14:47:21.403Z] - error: There is no token!
[2022-06-28T14:47:21.409Z] - error: There is no token!
[2022-06-28T14:47:21.416Z] - error: There is no token!
[2022-06-28T14:47:21.422Z] - error: There is no token!
[2022-06-28T14:49:19.105Z] - error: There is no token!
[2022-06-28T14:49:19.147Z] - error: There is no token!
[2022-06-28T14:49:27.507Z] - error: There is no token!
[2022-06-28T14:49:27.511Z] - error: There is no token!
[2022-06-28T14:49:37.943Z] - error: There is no token!
[2022-06-28T14:49:37.952Z] - error: There is no token!
[2022-06-28T14:51:02.251Z] - error: There is no token!
[2022-06-28T14:51:02.266Z] - error: There is no token!
[2022-06-28T14:51:04.219Z] - error: There is no token!
[2022-06-28T14:51:04.225Z] - error: There is no token!
[2022-06-28T14:51:07.505Z] - error: There is no token!
[2022-06-28T14:51:07.508Z] - error: There is no token!
[2022-06-28T14:51:08.809Z] - error: There is no token!
[2022-06-28T14:51:08.813Z] - error: There is no token!
[2022-06-28T15:28:41.262Z] - error: There is no token!
[2022-06-28T15:28:44.988Z] - error: There is no token!
[2022-06-28T15:28:45.480Z] - error: There is no token!
[2022-06-28T16:49:10.693Z] - error: There is no token!
[2022-06-28T16:49:10.990Z] - error: There is no token!
[2022-06-28T16:49:22.543Z] - error: There is no token!
[2022-06-28T16:49:22.698Z] - error: There is no token!
[2022-06-28T16:50:19.728Z] - error: There is no token!
[2022-06-28T16:50:36.610Z] - error: There is no token!
[2022-06-28T16:50:36.995Z] - error: There is no token!
[2022-06-28T16:54:14.045Z] - error: There is no token!
[2022-06-28T16:54:23.146Z] - error: There is no token!
[2022-06-28T16:54:26.240Z] - error: There is no token!
[2022-06-28T16:54:26.653Z] - error: There is no token!
[2022-06-28T16:57:03.251Z] - error: There is no token!
[2022-06-28T16:57:06.809Z] - error: There is no token!
[2022-06-28T17:54:40.027Z] - error: There is no token!
[2022-06-28T17:54:41.390Z] - error: There is no token!
[2022-06-28T23:02:29.617Z] - error: There is no token!
[2022-06-28T23:02:29.651Z] - error: There is no token!
[2022-06-30T16:51:09.535Z] - error: There is no token!
[2022-06-30T16:51:10.763Z] - error: There is no token!
[2022-06-30T17:19:08.348Z] - error: Error on mongo. routerProfile is not defined
[2022-06-30T17:20:23.573Z] - error: Error on mongo. Router.use() requires a middleware function but got a Object
[2022-07-01T00:26:35.694Z] - error: Error on mongo. routerOrder is not defined
[2022-07-01T00:28:04.763Z] - error: There is no token!
[2022-07-01T00:28:05.676Z] - error: There is no token!
[2022-07-01T14:47:01.986Z] - error: There is no token!
[2022-07-01T14:47:03.550Z] - error: There is no token!
[2022-07-01T18:40:52.559Z] - error: There is no token!
[2022-07-01T18:40:53.555Z] - error: There is no token!
[2022-07-01T18:41:59.954Z] - error: There is no token!
[2022-07-01T18:44:32.920Z] - error: There is no token!
[2022-07-01T18:44:34.774Z] - error: There is no token!
[2022-07-01T18:45:35.686Z] - error: There is no token!
[2022-07-01T18:45:36.942Z] - error: There is no token!
[2022-07-01T18:50:51.208Z] - error: There is no token!
[2022-07-01T18:50:52.770Z] - error: There is no token!
[2022-07-01T18:51:44.385Z] - error: user already exists!
[2022-07-01T18:51:45.323Z] - error: There is no token!
[2022-07-01T18:58:48.590Z] - error: There is no token!
[2022-07-01T19:01:46.429Z] - error: There is no token!
[2022-07-01T19:01:46.734Z] - error: There is no token!
[2022-07-01T19:01:47.304Z] - error: There is no token!
[2022-07-01T19:10:58.264Z] - error: There is no token!
[2022-07-01T19:10:59.648Z] - error: There is no token!
[2022-07-04T14:24:02.870Z] - error: There is no token!
[2022-07-04T14:24:03.644Z] - error: There is no token!
[2022-07-04T17:25:07.732Z] - error: undefined
[2022-07-04T17:26:13.297Z] - error: Error at sending product:  twilioSender.sendWhatsapp is not a function
[2022-07-04T17:59:54.711Z] - error: Error at sending product:  twilioSender.sendWhatsapp is not a function
[2022-07-04T18:10:45.789Z] - error: Error at sending product:  twilioSender.sendWhatsapp is not a function
[2022-07-04T18:10:50.275Z] - error: Error at sending product:  twilioSender.sendWhatsapp is not a function
[2022-07-04T18:12:12.212Z] - error: Error at sending product:  twilioSender.sendWhatsapp is not a function
[2022-07-04T18:12:14.580Z] - error: Error at sending product:  twilioSender.sendWhatsapp is not a function
[2022-07-04T18:12:45.121Z] - error: Error at sending product:  twilioSender.sendWhatsapp is not a function
[2022-07-04T18:12:46.732Z] - error: Error at sending product:  twilioSender.sendWhatsapp is not a function
[2022-07-04T18:13:34.618Z] - error: Error at sending product:  twilioSender.sendWhatsapp is not a function
[2022-07-04T18:13:40.705Z] - error: Error at sending product:  twilioSender.sendWhatsapp is not a function
[2022-07-04T18:24:14.942Z] - error: Error at sending product:  twilioSender.sendWhatsapp is not a function
[2022-07-04T18:24:20.449Z] - error: Error at sending product:  twilioSender.sendWhatsapp is not a function
[2022-07-04T18:24:36.904Z] - error: Error at sending product:  twilioSender.sendWhatsapp is not a function
[2022-07-04T18:28:29.437Z] - error: Error at sending product:  twilioSender.sendWhatsapp is not a function
[2022-07-04T18:28:50.537Z] - error: Error at sending product:  twilioSender.sendWhatsapp is not a function
[2022-07-04T18:31:37.498Z] - error: Error at sending product:  twilioSender.sendWhatsapp is not a function
[2022-07-04T18:31:51.581Z] - error: Error at sending product:  twilioSender.sendWhatsapp is not a function
[2022-07-04T18:31:54.430Z] - error: Error at sending product:  twilioSender.sendWhatsapp is not a function
[2022-07-04T18:31:55.040Z] - error: Error at sending product:  twilioSender.sendWhatsapp is not a function
[2022-07-04T18:31:55.367Z] - error: Error at sending product:  twilioSender.sendWhatsapp is not a function
[2022-07-04T18:32:13.918Z] - error: Error at sending product:  twilioSender.sendWhatsapp is not a function
[2022-07-04T18:32:14.217Z] - error: Error at sending product:  twilioSender.sendWhatsapp is not a function
[2022-07-04T18:32:16.264Z] - error: Error at sending product:  twilioSender.sendWhatsapp is not a function
[2022-07-04T18:32:38.659Z] - error: Error at sending product:  twilioSender.sendWhatsapp is not a function
[2022-07-04T18:32:57.558Z] - error: Error at sending product:  twilioSender.sendWhatsapp is not a function
[2022-07-04T18:32:58.846Z] - error: Error at sending product:  twilioSender.sendWhatsapp is not a function
[2022-07-04T18:32:59.969Z] - error: Error at sending product:  twilioSender.sendWhatsapp is not a function
[2022-07-04T18:33:00.282Z] - error: Error at sending product:  twilioSender.sendWhatsapp is not a function
[2022-07-04T18:34:09.783Z] - error: Error at sending product:  twilioSender.sendWhatsapp is not a function
[2022-07-04T18:34:09.835Z] - error: Error at sending product:  twilioSender.sendWhatsapp is not a function
[2022-07-04T18:34:11.131Z] - error: Error at sending product:  twilioSender.sendWhatsapp is not a function
[2022-07-04T18:34:14.010Z] - error: Error at sending product:  twilioSender.sendWhatsapp is not a function
[2022-07-04T18:34:14.412Z] - error: Error at sending product:  twilioSender.sendWhatsapp is not a function
[2022-07-04T18:34:15.180Z] - error: Error at sending product:  twilioSender.sendWhatsapp is not a function
[2022-07-04T18:34:56.509Z] - error: Error at sending product:  twilioSender.sendWhatsapp is not a function
[2022-07-04T18:34:56.779Z] - error: Error at sending product:  twilioSender.sendWhatsapp is not a function
[2022-07-04T18:34:58.635Z] - error: Error at sending product:  twilioSender.sendWhatsapp is not a function
[2022-07-04T18:35:01.436Z] - error: Error at sending product:  twilioSender.sendWhatsapp is not a function
[2022-07-04T18:35:05.535Z] - error: Error at sending product:  twilioSender.sendWhatsapp is not a function
[2022-07-04T18:35:06.289Z] - error: Error at sending product:  twilioSender.sendWhatsapp is not a function
[2022-07-04T18:36:11.837Z] - error: Error at sending product:  twilioSender.sendWhatsapp is not a function
[2022-07-04T18:36:12.111Z] - error: Error at sending product:  twilioSender.sendWhatsapp is not a function
[2022-07-04T18:36:14.541Z] - error: Error at sending product:  twilioSender.sendWhatsapp is not a function
[2022-07-04T18:36:22.266Z] - error: Error at sending product:  twilioSender.sendWhatsapp is not a function
[2022-07-04T18:36:23.440Z] - error: Error at sending product:  twilioSender.sendWhatsapp is not a function
[2022-07-04T18:37:20.930Z] - error: Error at sending product:  twilioSender.sendWhatsapp is not a function
[2022-07-04T18:37:22.961Z] - error: Error at sending product:  twilioSender.sendWhatsapp is not a function
[2022-07-04T18:37:24.208Z] - error: Error at sending product:  twilioSender.sendWhatsapp is not a function
[2022-07-04T18:37:28.063Z] - error: Error at sending product:  twilioSender.sendWhatsapp is not a function
[2022-07-04T18:37:29.507Z] - error: Error at sending product:  twilioSender.sendWhatsapp is not a function
[2022-07-04T18:38:00.274Z] - error: Error at sending product:  twilioSender.sendWhatsapp is not a function
[2022-07-04T18:38:00.543Z] - error: Error at sending product:  twilioSender.sendWhatsapp is not a function
[2022-07-04T18:38:04.438Z] - error: Error at sending product:  twilioSender.sendWhatsapp is not a function
[2022-07-04T18:38:06.002Z] - error: Error at sending product:  twilioSender.sendWhatsapp is not a function
[2022-07-04T18:38:06.436Z] - error: Error at sending product:  twilioSender.sendWhatsapp is not a function
[2022-07-04T18:38:06.658Z] - error: Error at sending product:  twilioSender.sendWhatsapp is not a function
[2022-07-04T20:23:54.263Z] - error: Error at sending product:  twilioSender.sendWhatsapp is not a function
[2022-07-04T20:30:11.657Z] - error: Error at sending product:  twilioSender.sendWhatsapp is not a function
[2022-07-04T20:30:37.005Z] - error: Error at sending product:  twilioSender.sendWhatsapp is not a function
[2022-07-04T20:30:52.758Z] - error: Error at sending product:  twilioSender.sendWhatsapp is not a function
[2022-07-04T20:31:16.848Z] - error: Error at sending product:  twilioSender.sendWhatsapp is not a function
[2022-07-04T22:51:37.105Z] - error: There is no token!
[2022-07-04T22:51:47.943Z] - error: There is no token!
[2022-07-04T22:52:12.655Z] - error: There is no token!
[2022-07-04T22:53:36.133Z] - error: There is no token!
[2022-07-04T22:53:37.598Z] - error: There is no token!
[2022-07-04T22:55:04.299Z] - error: There is no token!
[2022-07-04T22:55:05.284Z] - error: There is no token!
[2022-07-04T22:55:23.337Z] - error: There is no token!
[2022-07-04T22:55:24.636Z] - error: There is no token!
[2022-07-04T22:56:00.252Z] - error: There is no token!
[2022-07-04T22:56:01.792Z] - error: There is no token!
[2022-07-04T22:59:30.424Z] - error: There is no token!
[2022-07-04T22:59:31.760Z] - error: There is no token!
[2022-07-04T23:00:09.670Z] - error: There is no token!
[2022-07-04T23:00:12.240Z] - error: There is no token!
[2022-07-05T01:23:14.873Z] - error: There is no token!
[2022-07-05T01:23:16.294Z] - error: There is no token!
[2022-07-05T01:25:16.182Z] - error: There is no token!
[2022-07-05T01:25:17.480Z] - error: There is no token!
[2022-07-05T01:29:43.305Z] - error: There is no token!
[2022-07-05T01:29:44.913Z] - error: There is no token!
[2022-07-05T01:30:17.584Z] - error: There is no token!
[2022-07-05T01:30:18.899Z] - error: There is no token!
[2022-07-05T01:31:54.942Z] - error: There is no token!
[2022-07-05T01:31:56.915Z] - error: There is no token!
[2022-07-05T01:32:15.002Z] - error: There is no token!
[2022-07-05T01:32:16.798Z] - error: There is no token!
[2022-07-05T17:14:00.958Z] - error: There is no token!
[2022-07-05T17:14:01.965Z] - error: There is no token!
[2022-07-05T17:51:18.260Z] - error: There is no token!
[2022-07-05T17:51:19.746Z] - error: There is no token!
[2022-07-05T17:51:26.995Z] - error: Requested user does not exist.
[2022-07-05T17:51:27.627Z] - error: There is no token!
[2022-07-05T18:01:36.760Z] - error: There is no token!
[2022-07-05T18:01:38.053Z] - error: There is no token!
[2022-07-06T00:54:57.944Z] - error: There is no token!
[2022-07-06T00:54:59.453Z] - error: There is no token!
[2022-07-08T19:29:32.190Z] - error: There is no token!
[2022-07-08T19:33:24.982Z] - error: There is no token!
[2022-07-08T19:33:25.444Z] - error: There is no token!
[2022-07-08T19:38:08.175Z] - error: There is no token!
[2022-07-08T19:38:16.575Z] - error: ReferenceError: path is not defined
[2022-07-08T19:39:11.166Z] - error: There is no token!
[2022-07-08T19:39:11.943Z] - error: There is no token!
[2022-07-08T19:39:21.448Z] - error: There is no token!
[2022-07-08T19:40:03.146Z] - error: There is no token!
[2022-07-08T19:40:15.546Z] - error: There is no token!
[2022-07-08T19:40:16.065Z] - error: There is no token!
[2022-07-08T19:47:02.501Z] - error: There is no token!
[2022-07-08T19:47:03.355Z] - error: There is no token!
[2022-07-08T19:47:58.640Z] - error: There is no token!
[2022-07-08T19:48:04.596Z] - error: There is no token!
[2022-07-08T19:50:18.254Z] - error: There is no token!
[2022-07-08T19:50:30.021Z] - error: No user from /auth/jwt
[2022-07-08T19:50:30.777Z] - error: There is no token!
[2022-07-08T19:50:57.883Z] - error: There is no token!
[2022-07-08T19:51:24.217Z] - error: There is no token!
[2022-07-08T19:53:39.774Z] - error: No user from /auth/jwt
[2022-07-08T19:54:07.877Z] - error: There is no token!
[2022-07-08T19:54:26.058Z] - error: There is no token!
[2022-07-08T19:54:27.556Z] - error: There is no token!
[2022-07-08T19:54:49.773Z] - error: There is no token!
[2022-07-08T19:54:57.019Z] - error: There is no token!
[2022-07-08T19:54:57.394Z] - error: There is no token!
[2022-07-08T19:55:01.932Z] - error: There is no token!
[2022-07-09T14:02:40.670Z] - error: There is no token!
[2022-07-09T14:03:02.993Z] - error: There is no token!
[2022-07-09T14:03:04.722Z] - error: There is no token!
[2022-07-09T14:03:22.524Z] - error: There is no token!
[2022-07-09T14:03:24.787Z] - error: There is no token!
[2022-07-11T04:17:42.131Z] - error: There is no token!
[2022-07-11T04:17:42.504Z] - error: There is no token!
[2022-07-11T04:17:45.125Z] - error: There is no token!
[2022-07-11T04:17:45.143Z] - error: There is no token!
[2022-07-11T04:18:10.064Z] - error: There is no token!
[2022-07-11T04:18:16.802Z] - error: There is no token!
[2022-07-11T04:18:16.807Z] - error: There is no token!
[2022-07-11T04:18:26.802Z] - error: There is no token!
[2022-07-11T04:18:26.842Z] - error: There is no token!
[2022-07-11T14:49:24.222Z] - error: There is no token!
[2022-07-11T14:49:25.631Z] - error: There is no token!
[2022-07-11T14:50:39.802Z] - error: There is no token!
[2022-07-11T14:50:41.324Z] - error: There is no token!
[2022-07-11T15:13:42.347Z] - error: There is no token!
[2022-07-11T15:13:43.780Z] - error: There is no token!
[2022-07-11T19:52:39.209Z] - error: There is no token!
[2022-07-11T19:52:40.456Z] - error: There is no token!
[2022-07-11T19:52:59.659Z] - error: Wrong password!
[2022-07-11T19:52:59.959Z] - error: There is no token!
[2022-07-11T19:53:06.005Z] - error: Wrong password!
[2022-07-11T19:53:06.308Z] - error: There is no token!
[2022-07-11T19:53:46.113Z] - error: user already exists!
[2022-07-11T19:53:46.442Z] - error: There is no token!
[2022-07-11T19:54:05.616Z] - error: There is no token!
[2022-07-11T19:54:23.045Z] - error: Wrong password!
[2022-07-11T19:54:23.326Z] - error: There is no token!
[2022-07-11T19:54:36.313Z] - error: Wrong password!
[2022-07-11T19:54:36.618Z] - error: There is no token!
[2022-07-11T19:54:45.663Z] - error: Wrong password!
[2022-07-11T19:54:45.990Z] - error: There is no token!
[2022-07-11T19:54:51.462Z] - error: Wrong password!
[2022-07-11T19:54:51.766Z] - error: There is no token!
[2022-07-11T19:55:03.775Z] - error: Wrong password!
[2022-07-11T19:55:04.144Z] - error: There is no token!
[2022-07-11T19:55:13.954Z] - error: There is no token!
[2022-07-11T19:57:25.116Z] - error: There is no token!
[2022-07-11T19:57:26.472Z] - error: There is no token!
[2022-07-12T01:57:16.707Z] - error: There is no token!
[2022-07-12T01:57:18.376Z] - error: There is no token!
[2022-07-13T17:54:24.873Z] - error: undefined
[2022-07-13T17:57:14.898Z] - error: Error at generating your order: ValidationError: created: Cast to date failed for value "13-07-2022 14:57" (type string) at path "created"
[2022-07-13T17:58:55.589Z] - error: Error at generating your order: ValidationError: created: Cast to date failed for value "13-07-2022 14:58" (type string) at path "created"
[2022-07-13T17:58:58.838Z] - error: Error at generating your order: ValidationError: created: Cast to date failed for value "13-07-2022 14:58" (type string) at path "created"
[2022-07-13T17:59:17.049Z] - error: Error at generating your order: ValidationError: created: Cast to date failed for value "13-07-2022 14:59" (type string) at path "created"
[2022-07-13T18:00:47.420Z] - error: Error at generating your order: ValidationError: created: Cast to date failed for value "13-07-2022 15:00" (type string) at path "created"
[2022-07-13T18:00:55.185Z] - error: Error at generating your order: ValidationError: created: Cast to date failed for value "13-07-2022 15:00" (type string) at path "created"
[2022-07-13T18:03:28.124Z] - error: Error at generating your order: ValidationError: created: Cast to Number failed for value "13-07-2022 15:03" (type string) at path "created"
[2022-07-13T18:04:45.174Z] - error: Error at generating your order: ValidationError: created: Cast to date failed for value "13-07-2022 15:04" (type string) at path "created"
[2022-07-13T19:42:26.764Z] - error: Error at sending product:  UserModel.getUserById is not a function
[2022-07-14T02:25:11.442Z] - error: There is no token!
[2022-07-14T02:26:01.382Z] - error: There is no token!
[2022-07-14T02:26:17.666Z] - error: There is no token!
[2022-07-14T02:44:40.431Z] - error: RangeError [ERR_HTTP_INVALID_STATUS_CODE]: Invalid status code: {
  title: 'Shirt2',
  description: 'Una remera asi como que re copada',
  code: '?',
  img: 'https://res.cloudinary.com/this/image/upload/v1642777578/p3_mc8xcq.jpg',
  price: 2000,
  stock: 2,
  timestamp: 1657766655988,
  _id: new ObjectId("62cf8318fa0601555e06bc99"),
  __v: 0
}
[2022-07-14T15:58:10.702Z] - error: There is no token!
[2022-07-14T15:58:12.714Z] - error: There is no token!
[2022-07-14T17:33:02.888Z] - error: There is no token!
[2022-07-14T17:33:03.989Z] - error: There is no token!
[2022-07-14T17:33:24.906Z] - error: There is no token!
[2022-07-14T17:34:39.297Z] - error: There is no token!
[2022-07-14T17:34:39.885Z] - error: There is no token!
[2022-07-14T17:35:30.207Z] - error: There is no token!
[2022-07-14T17:38:55.415Z] - error: There's no authorization token.
[2022-07-14T17:39:05.916Z] - error: There's no authorization token.
[2022-07-14T18:32:49.123Z] - error: The token does not match. 
[2022-07-14T18:38:57.889Z] - error: The token does not match. 
[2022-07-14T18:39:48.766Z] - error: The token does not match. 
[2022-07-14T18:39:50.939Z] - error: The token does not match. 
[2022-07-14T18:40:22.781Z] - error: The token does not match. 
[2022-07-14T18:45:35.935Z] - error: The token does not match. 
[2022-07-14T18:48:08.351Z] - error: The token does not match. 
[2022-07-14T18:48:13.384Z] - error: The token does not match. 
[2022-07-14T18:48:44.471Z] - error: The token does not match. 
[2022-07-14T18:48:49.577Z] - error: The token does not match. 
[2022-07-14T18:50:27.684Z] - error: The token does not match. 
[2022-07-14T18:51:58.288Z] - error: The token does not match. 
[2022-07-14T18:52:05.523Z] - error: The token does not match. 
[2022-07-14T18:52:57.914Z] - error: There's no authorization token.
[2022-07-14T18:58:23.493Z] - error: There's no authorization token.
[2022-07-14T18:58:35.028Z] - error: There's no authorization token.
[2022-07-14T18:59:47.708Z] - error: The token does not match. 
[2022-07-14T19:00:00.444Z] - error: The token does not match. 
[2022-07-14T19:00:08.998Z] - error: The token does not match. 
[2022-07-14T19:00:23.151Z] - error: The token does not match. 
[2022-07-14T19:11:59.844Z] - error: There's no authorization token.
[2022-07-14T19:31:25.907Z] - error: The token does not match. 
[2022-07-14T19:31:30.281Z] - error: The token does not match. 
[2022-07-14T19:31:30.518Z] - error: The token does not match. 
[2022-07-14T19:43:17.442Z] - error: There is no token!
[2022-07-14T19:43:19.262Z] - error: There is no token!
[2022-07-14T19:43:22.018Z] - error: There is no token!
[2022-07-14T19:43:23.071Z] - error: There is no token!
[2022-07-14T21:19:57.238Z] - error: There is no token!
[2022-07-14T21:20:00.300Z] - error: There is no token!
[2022-07-14T21:20:03.646Z] - error: There is no token!
[2022-07-14T21:20:04.717Z] - error: There is no token!
[2022-07-14T21:23:49.624Z] - error: There is no token!
[2022-07-14T21:23:52.743Z] - error: There is no token!
[2022-07-14T21:23:53.637Z] - error: There is no token!
[2022-07-14T21:24:15.159Z] - error: There is no token!
[2022-07-14T21:24:18.200Z] - error: There is no token!
[2022-07-14T21:24:19.260Z] - error: There is no token!
[2022-07-14T21:24:56.695Z] - error: There is no token!
[2022-07-14T21:25:40.069Z] - error: There is no token!
[2022-07-14T21:26:01.107Z] - error: There is no token!
[2022-07-14T21:26:03.735Z] - error: There is no token!
[2022-07-14T21:33:01.193Z] - error: There is no token!
[2022-07-14T21:33:31.507Z] - error: There is no token!
[2022-07-14T21:38:48.052Z] - error: There is no token!
[2022-07-14T21:41:07.232Z] - error: There is no token!
[2022-07-14T21:41:10.298Z] - error: There is no token!
[2022-07-14T21:41:18.971Z] - error: There is no token!
[2022-07-15T03:05:11.564Z] - error: There is no token!
[2022-07-15T03:05:13.622Z] - error: There is no token!
[2022-07-15T03:05:56.989Z] - error: There is no token!
[2022-07-15T03:05:58.992Z] - error: There is no token!
[2022-07-15T03:06:38.631Z] - error: The token does not match. 
[2022-07-15T03:06:58.770Z] - error: The token does not match. undefined
[2022-07-15T03:07:15.482Z] - error: There's no authorization token.
[2022-07-15T03:07:20.534Z] - error: There's no authorization token.
[2022-07-15T03:08:40.134Z] - error: There's no authorization token.
[2022-07-15T03:08:50.034Z] - error: There's no authorization token.
[2022-07-15T03:10:57.400Z] - error: There's no authorization token.
[2022-07-15T03:44:57.671Z] - error: There is no token!
[2022-07-15T03:47:56.172Z] - error: There is no token!
[2022-07-15T03:49:00.589Z] - error: There is no token!
[2022-07-15T17:28:46.931Z] - error: There is no token!
[2022-07-15T17:28:47.365Z] - error: There is no token!
[2022-07-15T17:28:47.383Z] - error: There is no token!
[2022-07-15T17:29:31.736Z] - error: There is no token!
[2022-07-15T17:30:05.672Z] - error: There is no token!
[2022-07-15T17:30:41.546Z] - error: There is no token!
[2022-07-15T17:30:42.853Z] - error: There is no token!
[2022-07-15T17:45:54.245Z] - error: There is no token!
[2022-07-15T18:12:36.619Z] - error: There is no token!
[2022-07-15T18:39:30.453Z] - error: There is no token!
[2022-07-15T18:42:02.312Z] - error: There is no token!
[2022-07-15T18:51:02.945Z] - error: There is no token!
[2022-07-15T18:53:15.237Z] - error: There is no token!
[2022-07-15T18:54:51.586Z] - error: There's no authorization token.
[2022-07-15T18:56:33.856Z] - error: There's no authorization token.
[2022-07-15T18:59:07.778Z] - error: The token does not match. 
[2022-07-15T18:59:28.435Z] - error: The token does not match. 
[2022-07-15T18:59:47.754Z] - error: The token does not match. 
[2022-07-15T19:00:05.676Z] - error: There's no authorization token.
[2022-07-15T19:00:19.210Z] - error: The token does not match. 
[2022-07-15T19:02:54.648Z] - error: There's no authorization token.
[2022-07-15T19:23:14.801Z] - error: There's no authorization token.
[2022-07-15T19:26:03.908Z] - error: There's no authorization token.
[2022-07-15T19:27:19.358Z] - error: There's no authorization token.
[2022-07-15T19:29:23.633Z] - error: There's no authorization token.
[2022-07-15T19:39:10.983Z] - error: There's no authorization token.
[2022-07-16T01:12:33.729Z] - error: There is no token!
[2022-07-16T01:41:59.235Z] - error: There is no token!
[2022-07-16T01:41:59.936Z] - error: There is no token!
[2022-07-16T02:16:22.121Z] - error: There is no token!
[2022-07-16T02:16:23.579Z] - error: There is no token!
[2022-07-16T02:16:26.799Z] - error: There is no token!
[2022-07-16T02:16:27.490Z] - error: There is no token!
[2022-07-16T04:16:55.693Z] - error: There's no authorization token.
[2022-07-16T04:17:05.838Z] - error: There's no authorization token.
[2022-07-16T04:17:13.867Z] - error: There's no authorization token.
[2022-07-16T04:17:54.174Z] - error: There's no authorization token.
[2022-07-16T14:26:37.612Z] - error: The token does not match. 
[2022-07-16T14:26:47.019Z] - error: There's no authorization token.
[2022-07-16T14:28:53.954Z] - error: There's no authorization token.
[2022-07-16T14:29:19.476Z] - error: There's no authorization token.
[2022-07-16T17:31:54.919Z] - error: The token does not match. 
[2022-07-16T17:32:45.288Z] - error: The token does not match. 
[2022-07-16T17:32:50.106Z] - error: The token does not match. 
[2022-07-16T17:33:22.310Z] - error: The token does not match. 
[2022-07-16T17:33:39.161Z] - error: The token does not match. 
[2022-07-16T17:33:58.544Z] - error: The token does not match. eyJhbGciOiJIUzI1NiIsInR5cCI6IkpXVCJ9.eyJpZCI6IjYyOWQ3NTUzMDc3YWU2MjI4ZTYwZDYxZiIsImVtYWlsIjoicHVwaW5hcnZhamFAZ21haWwuY29tIiwiZmlyc3RuYW1lIjoiSnVhbiIsImxhc3RuYW1lIjoiTmFydmFqYSIsImlhdCI6MTY1Nzk4MTc1OSwiZXhwIjoxNjU3OTgzNTU5fQ.reHlg2pdJQTqYod7Mt8LmJ4iiRwiz4TnKUWo4M77JV4
[2022-07-16T17:34:47.732Z] - error: The token does not match. eyJhbGciOiJIUzI1NiIsInR5cCI6IkpXVCJ9.eyJpZCI6IjYyOWQ3NTUzMDc3YWU2MjI4ZTYwZDYxZiIsImVtYWlsIjoicHVwaW5hcnZhamFAZ21haWwuY29tIiwiZmlyc3RuYW1lIjoiSnVhbiIsImxhc3RuYW1lIjoiTmFydmFqYSIsImlhdCI6MTY1Nzk4MTc1OSwiZXhwIjoxNjU3OTgzNTU5fQ.reHlg2pdJQTqYod7Mt8LmJ4iiRwiz4TnKUWo4M77JV4
[2022-07-16T17:35:33.875Z] - error: The token does not match. eyJhbGciOiJIUzI1NiIsInR5cCI6IkpXVCJ9.eyJpZCI6IjYyOWQ3NTUzMDc3YWU2MjI4ZTYwZDYxZiIsImVtYWlsIjoicHVwaW5hcnZhamFAZ21haWwuY29tIiwiZmlyc3RuYW1lIjoiSnVhbiIsImxhc3RuYW1lIjoiTmFydmFqYSIsImlhdCI6MTY1Nzk4MTc1OSwiZXhwIjoxNjU3OTgzNTU5fQ.reHlg2pdJQTqYod7Mt8LmJ4iiRwiz4TnKUWo4M77JV4
[2022-07-16T17:36:02.352Z] - error: The token does not match. 
[2022-07-16T17:37:10.305Z] - error: There's no authorization token.
[2022-07-16T17:37:15.825Z] - error: There's no authorization token.
[2022-07-16T17:37:36.337Z] - error: There's no authorization token.
[2022-07-16T17:38:39.836Z] - error: There's no authorization token.
[2022-07-16T17:41:02.186Z] - error: There's no authorization token.
[2022-07-16T17:42:22.118Z] - error: There's no authorization token.
[2022-07-16T17:43:32.727Z] - error: There's no authorization token.
[2022-07-16T17:43:39.273Z] - error: There's no authorization token.
[2022-07-17T00:47:48.147Z] - error: There's no authorization token.
[2022-07-17T00:48:04.993Z] - error: The token does not match. 
[2022-07-17T00:48:40.354Z] - error: The token does not match. 
[2022-07-17T00:50:08.032Z] - error: The token does not match. 
[2022-07-17T00:50:16.451Z] - error: There's no authorization token.
[2022-07-17T00:50:20.176Z] - error: There's no authorization token.
[2022-07-17T00:51:09.282Z] - error: There's no authorization token.
[2022-07-17T00:51:50.029Z] - error: The token does not match. 
[2022-07-17T00:52:35.327Z] - error: The token does not match. 
[2022-07-17T00:53:04.834Z] - error: There's no authorization token.
[2022-07-17T00:53:23.175Z] - error: There's no authorization token.
[2022-07-17T00:53:42.756Z] - error: There's no authorization token.
[2022-07-17T00:53:53.466Z] - error: There's no authorization token.
[2022-07-17T00:54:58.359Z] - error: There's no authorization token.
[2022-07-17T01:05:15.387Z] - error: There is no token!
[2022-07-17T01:05:16.141Z] - error: There is no token!
[2022-07-17T01:07:16.144Z] - error: There is no token!
[2022-07-17T01:07:16.930Z] - error: There is no token!
[2022-07-17T01:16:53.133Z] - error: There is no token!
[2022-07-17T01:17:01.648Z] - error: There is no token!
[2022-07-17T01:17:07.258Z] - error: There is no token!
[2022-07-17T01:42:04.041Z] - error: There is no token!
[2022-07-17T04:25:30.539Z] - error: There's no authorization token.
[2022-07-17T04:25:42.521Z] - error: There's no authorization token.
[2022-07-17T04:26:42.374Z] - error: The token does not match. 
[2022-07-17T04:26:49.424Z] - error: There's no authorization token.
[2022-07-17T04:26:50.379Z] - error: The token does not match. 
[2022-07-17T04:27:58.145Z] - error: There's no authorization token.
[2022-07-17T04:28:52.075Z] - error: There's no authorization token.
[2022-07-17T04:37:52.924Z] - error: There's no authorization token.
[2022-07-17T04:38:54.797Z] - error: There's no authorization token.
[2022-07-17T04:39:51.502Z] - error: There's no authorization token.
[2022-07-17T04:44:55.136Z] - error: The token does not match. 
[2022-07-17T04:45:13.214Z] - error: There's no authorization token.
[2022-07-18T01:49:04.032Z] - error: There is no token!
[2022-07-18T01:49:06.507Z] - error: There is no token!
[2022-07-18T01:49:32.297Z] - error: There is no token!
[2022-07-18T01:49:34.744Z] - error: There is no token!
[2022-07-18T13:49:43.669Z] - error: There is no token!
[2022-07-18T13:50:09.299Z] - error: CastError: Cast to ObjectId failed for value "3" (type string) at path "_id" for model "products"
[2022-07-18T13:50:33.707Z] - error: CastError: Cast to ObjectId failed for value "3" (type string) at path "_id" for model "products"
[2022-07-18T13:53:10.367Z] - error: CastError: Cast to ObjectId failed for value "6287bd0c209cec262074d43" (type string) at path "_id" for model "products"
[2022-07-18T13:54:26.212Z] - error: CastError: Cast to ObjectId failed for value "6287bd0c209cec262074d43" (type string) at path "_id" for model "products"
[2022-07-19T02:41:24.996Z] - error: There is no token!
[2022-07-19T02:41:27.419Z] - error: There is no token!
[2022-07-19T02:41:27.521Z] - error: There is no token!
[2022-07-19T02:41:27.551Z] - error: There is no token!
[2022-07-20T17:59:07.459Z] - error: CastError: Cast to ObjectId failed for value "undefined" (type string) at path "_id" for model "products"
[2022-07-21T20:53:52.955Z] - error: TypeError: cart.find is not a function
[2022-07-21T20:57:08.658Z] - error: TypeError: cart.find is not a function
[2022-07-21T20:59:36.714Z] - error: ReferenceError: prodInCart is not defined
[2022-07-22T02:52:00.074Z] - error: There is no token!
[2022-07-22T02:52:38.183Z] - error: There is no token!
[2022-07-22T02:52:39.143Z] - error: There is no token!
[2022-07-22T02:52:39.286Z] - error: There is no token!
[2022-07-22T02:52:39.328Z] - error: There is no token!
[2022-07-22T02:52:58.724Z] - error: There is no token!
[2022-07-22T17:19:07.024Z] - error: There is no token!
[2022-07-22T17:19:07.602Z] - error: There is no token!
[2022-07-22T17:21:11.928Z] - error: There is no token!
[2022-07-22T17:21:13.518Z] - error: There is no token!
[2022-07-22T18:19:44.997Z] - error: There is no token!
[2022-07-22T18:20:48.721Z] - error: There is no token!
[2022-07-22T18:20:49.294Z] - error: There is no token!
[2022-07-22T18:50:29.179Z] - error: There is no token!
[2022-07-22T18:50:31.454Z] - error: There is no token!
[2022-07-22T18:50:44.364Z] - error: There is no token!
[2022-07-22T19:55:32.454Z] - error: There is no token!
[2022-07-22T19:55:41.484Z] - error: There is no token!
[2022-07-22T19:56:17.860Z] - error: There is no token!
[2022-07-22T19:57:24.392Z] - error: There is no token!
[2022-07-22T19:59:57.172Z] - error: There is no token!
[2022-07-22T20:01:04.707Z] - error: There is no token!
[2022-07-22T20:01:42.334Z] - error: There is no token!
[2022-07-22T20:08:00.667Z] - error: There is no token!
[2022-07-22T20:09:05.218Z] - error: There is no token!
[2022-07-22T20:16:38.771Z] - error: There is no token!
[2022-07-22T20:19:15.752Z] - error: There is no token!
[2022-07-22T20:19:17.529Z] - error: There is no token!
[2022-07-22T20:19:55.179Z] - error: There is no token!
[2022-07-22T20:19:56.343Z] - error: There is no token!
[2022-07-22T20:20:32.542Z] - error: There is no token!
[2022-07-22T20:20:33.927Z] - error: There is no token!
[2022-07-22T20:28:55.820Z] - error: There is no token!
[2022-07-22T20:28:57.440Z] - error: There is no token!
[2022-07-23T23:35:57.583Z] - error: There is no token!
[2022-07-23T23:37:20.953Z] - error: There is no token!
[2022-07-23T23:37:29.723Z] - error: There is no token!
[2022-07-24T01:08:13.473Z] - error: ObjectParameterError: Parameter "filter" to find() must be an object, got jackets
[2022-07-24T01:30:00.468Z] - error: ObjectParameterError: Parameter "filter" to find() must be an object, got jackets
[2022-07-24T18:45:33.483Z] - error: Error: Cannot find module 'socket.io'
Require stack:
- C:\Users\Pupi\Documents\Back-end\main 02-05\server\app.js
- C:\Users\Pupi\Documents\Back-end\main 02-05\server\server.js
[2022-07-24T18:46:24.186Z] - error: ReferenceError: Cannot access 'server' before initialization
[2022-07-24T19:34:30.580Z] - error: Error: Cannot find module './chat'
Require stack:
- C:\Users\Pupi\Documents\Back-end\main 02-05\server\app.js
- C:\Users\Pupi\Documents\Back-end\main 02-05\server\server.js
[2022-07-24T19:34:43.533Z] - error: Error on mongo. The "listener" argument must be of type function. Received an instance of Object
[2022-07-24T19:49:24.072Z] - error: There is no token!
[2022-07-24T19:49:24.840Z] - error: There is no token!
[2022-07-24T20:03:27.128Z] - error: Error on mongo. The "listener" argument must be of type function. Received an instance of Server
[2022-07-24T22:46:36.585Z] - error: Error: Route.delete() requires a callback function but got a [object Undefined]
[2022-07-24T22:46:51.435Z] - error: Error: Route.delete() requires a callback function but got a [object Undefined]
[2022-07-24T22:48:05.694Z] - error: Error: Route.delete() requires a callback function but got a [object Undefined]
[2022-07-24T22:48:55.344Z] - error: Error: Route.delete() requires a callback function but got a [object Undefined]
[2022-07-24T22:49:59.661Z] - error: Error: Route.delete() requires a callback function but got a [object Undefined]
[2022-07-24T22:50:01.806Z] - error: Error: Route.delete() requires a callback function but got a [object Undefined]
[2022-07-24T22:52:34.794Z] - error: Error: Route.delete() requires a callback function but got a [object Undefined]
[2022-07-24T22:53:14.946Z] - error: ReferenceError: deleteCart is not defined
[2022-07-24T23:43:51.698Z] - error: TypeError: (intermediate value) is not iterable
[2022-07-24T23:45:44.486Z] - error: TypeError: (intermediate value) is not iterable
[2022-07-24T23:46:38.767Z] - error: TypeError: (intermediate value) is not iterable
[2022-07-24T23:47:28.854Z] - error: TypeError: (intermediate value) is not iterable
[2022-07-24T23:47:33.863Z] - error: TypeError: (intermediate value) is not iterable
[2022-07-24T23:48:10.803Z] - error: ReferenceError: data is not defined
[2022-07-25T01:32:20.105Z] - error: There is no token!
[2022-07-25T01:32:22.531Z] - error: There is no token!
[2022-07-25T02:17:08.058Z] - error: Error on mongo. The "listener" argument must be of type function. Received an instance of Promise
[2022-07-25T02:18:05.919Z] - error: Error on mongo. The "listener" argument must be of type function. Received an instance of Promise
[2022-07-25T02:18:10.786Z] - error: Error on mongo. The "listener" argument must be of type function. Received an instance of Promise
